<?xml version="1.0" encoding="UTF-8"?>
<!-- Generated by org.testng.reporters.JUnitReportReporter -->
<testsuite hostname="DESKTOP-DQP89MF" name="FirstTestNGexample.TestNGDemo" tests="1" failures="0" timestamp="22 Sep 2017 18:13:04 GMT" time="0.000" errors="0">
  <testcase name="firstTest" time="0.000" classname="FirstTestNGexample.TestNGDemo"/>
</testsuite> <!-- FirstTestNGexample.TestNGDemo -->
