<?xml version="1.0" encoding="UTF-8"?>
<!-- Generated by org.testng.reporters.JUnitReportReporter -->
<testsuite hostname="DESKTOP-DQP89MF" name="FirstTestNGexample.GroupTest" tests="2" failures="0" timestamp="22 Sep 2017 18:13:04 GMT" time="0.003" errors="0">
  <testcase name="secondTest" time="0.001" classname="FirstTestNGexample.GroupTest"/>
  <testcase name="firstTest" time="0.002" classname="FirstTestNGexample.GroupTest"/>
</testsuite> <!-- FirstTestNGexample.GroupTest -->
