<?xml version="1.0" encoding="UTF-8"?>
<!-- Generated by org.testng.reporters.JUnitReportReporter -->
<testsuite hostname="DESKTOP-DQP89MF" name="FirstTestNGexample.Seconddemo" tests="2" failures="0" timestamp="22 Sep 2017 17:22:42 GMT" time="0.000" errors="0">
  <testcase name="firstTest" time="0.000" classname="FirstTestNGexample.Seconddemo"/>
  <testcase name="secondTest" time="0.000" classname="FirstTestNGexample.Seconddemo"/>
</testsuite> <!-- FirstTestNGexample.Seconddemo -->
